<?xml version="1.0" encoding="UTF-8"?>
<!-- Generated by org.testng.reporters.JUnitReportReporter -->
<testsuite ignored="0" hostname="DESKTOP-75UP7HT" failures="0" tests="1" name="variable.Extend_Reports" time="2.584" errors="0" timestamp="21 Jun 2021 14:03:34 GMT" skipped="0">
  <testcase classname="variable.Extend_Reports" name="Reports" time="2.584"/>
</testsuite> <!-- variable.Extend_Reports -->
